<?xml version="1.0" encoding="UTF-8"?>
<!-- Generated by org.testng.reporters.JUnitReportReporter -->
<testsuite hostname="vivobook-asuslaptop-x512flc-x512fl" failures="0" tests="2" name="com.gayu.Gayathri.LLM_Feedback" time="43.922" errors="0" timestamp="2024-06-11T15:07:55 IST" skipped="0">
  <testcase classname="com.gayu.Gayathri.LLM_Feedback" name="Login" time="26.893"/>
  <testcase classname="com.gayu.Gayathri.LLM_Feedback" name="table" time="17.029"/>
</testsuite> <!-- com.gayu.Gayathri.LLM_Feedback -->
