<?xml version="1.0" encoding="UTF-8"?>
<!-- Generated by org.testng.reporters.JUnitReportReporter -->
<testsuite hostname="vivobook-asuslaptop-x512flc-x512fl" failures="0" tests="3" name="com.gayu.Gayathri.ShortcutKey_Homepage" time="42.127" errors="0" timestamp="2024-03-30T12:30:57 IST" skipped="0">
  <testcase classname="com.gayu.Gayathri.ShortcutKey_Homepage" name="Login" time="26.380"/>
  <system-out/>
  <testcase classname="com.gayu.Gayathri.ShortcutKey_Homepage" name="table" time="7.846"/>
  <system-out/>
  <testcase classname="com.gayu.Gayathri.ShortcutKey_Homepage" name="Direct_drawpage" time="7.901"/>
  <system-out/>
</testsuite> <!-- com.gayu.Gayathri.ShortcutKey_Homepage -->
