<?xml version="1.0" encoding="UTF-8"?>
<!-- Generated by org.testng.reporters.JUnitReportReporter -->
<testsuite hostname="vivobook-asuslaptop-x512flc-x512fl" failures="0" tests="2" name="com.gayu.Gayathri.LLM_Feedback" time="74.362" errors="0" timestamp="2024-05-04T11:11:45 IST" skipped="0">
  <testcase classname="com.gayu.Gayathri.LLM_Feedback" name="Login" time="28.259"/>
  <testcase classname="com.gayu.Gayathri.LLM_Feedback" name="table" time="46.103"/>
</testsuite> <!-- com.gayu.Gayathri.LLM_Feedback -->
