<?xml version="1.0" encoding="UTF-8"?>
<!-- Generated by org.testng.reporters.JUnitReportReporter -->
<testsuite hostname="vivobook-asuslaptop-x512flc-x512fl" failures="0" tests="10" name="com.gayu.Gayathri.Atlas_learning" time="103.154" errors="0" timestamp="2024-04-02T09:18:57 IST" skipped="0">
  <testcase classname="com.gayu.Gayathri.Atlas_learning" name="login" time="17.583"/>
  <testcase classname="com.gayu.Gayathri.Atlas_learning" name="series_set" time="20.699"/>
  <testcase classname="com.gayu.Gayathri.Atlas_learning" name="atlaseditor" time="14.961"/>
  <testcase classname="com.gayu.Gayathri.Atlas_learning" name="Editmenu" time="3.816"/>
  <testcase classname="com.gayu.Gayathri.Atlas_learning" name="contributor" time="4.424"/>
  <testcase classname="com.gayu.Gayathri.Atlas_learning" name="draw" time="2.218"/>
  <testcase classname="com.gayu.Gayathri.Atlas_learning" name="annotation" time="8.972"/>
  <testcase classname="com.gayu.Gayathri.Atlas_learning" name="geometry_Dot" time="12.438"/>
  <testcase classname="com.gayu.Gayathri.Atlas_learning" name="Dot_select" time="5.019"/>
  <testcase classname="com.gayu.Gayathri.Atlas_learning" name="Dot_delete" time="13.024"/>
</testsuite> <!-- com.gayu.Gayathri.Atlas_learning -->
