<?xml version="1.0" encoding="UTF-8"?>
<!-- Generated by org.testng.reporters.JUnitReportReporter -->
<testsuite hostname="vivobook-asuslaptop-x512flc-x512fl" failures="0" tests="2" name="com.gayu.Gayathri.LLM_Feedback" time="110.310" errors="0" timestamp="2024-06-27T13:07:17 IST" skipped="0">
  <testcase classname="com.gayu.Gayathri.LLM_Feedback" name="Login" time="93.136"/>
  <testcase classname="com.gayu.Gayathri.LLM_Feedback" name="table" time="17.174"/>
</testsuite> <!-- com.gayu.Gayathri.LLM_Feedback -->
