<?xml version="1.0" encoding="UTF-8"?>
<!-- Generated by org.testng.reporters.JUnitReportReporter -->
<testsuite hostname="vivobook-asuslaptop-x512flc-x512fl" failures="0" tests="6" name="com.gayu.Gayathri.pp1_Machine" time="207.591" errors="0" timestamp="2024-06-07T10:34:19 IST" skipped="0">
  <testcase classname="com.gayu.Gayathri.pp1_Machine" name="login" time="149.224"/>
  <testcase classname="com.gayu.Gayathri.pp1_Machine" name="brain_search" time="20.013"/>
  <testcase classname="com.gayu.Gayathri.pp1_Machine" name="activity_Search" time="22.361"/>
  <testcase classname="com.gayu.Gayathri.pp1_Machine" name="userName" time="4.805"/>
  <testcase classname="com.gayu.Gayathri.pp1_Machine" name="Action" time="4.100"/>
  <testcase classname="com.gayu.Gayathri.pp1_Machine" name="Info" time="7.088"/>
</testsuite> <!-- com.gayu.Gayathri.pp1_Machine -->
