<?xml version="1.0" encoding="UTF-8"?>
<!-- Generated by org.testng.reporters.JUnitReportReporter -->
<testsuite hostname="vivobook-asuslaptop-x512flc-x512fl" failures="0" tests="1" name="com.gayu.Gayathri.PP2V5" time="9.471" errors="0" timestamp="2024-06-07T16:02:13 IST" skipped="0">
  <testcase classname="com.gayu.Gayathri.PP2V5" name="testStorageDetails" time="9.471"/>
</testsuite> <!-- com.gayu.Gayathri.PP2V5 -->
