<?xml version="1.0" encoding="UTF-8"?>
<!-- Generated by org.testng.reporters.JUnitReportReporter -->
<testsuite hostname="vivobook-asuslaptop-x512flc-x512fl" failures="0" tests="1" name="com.gayu.Gayathri.pp4v15" time="9.118" errors="0" timestamp="2024-06-25T13:23:00 IST" skipped="0">
  <testcase classname="com.gayu.Gayathri.pp4v15" name="testStorageDetails" time="9.118"/>
</testsuite> <!-- com.gayu.Gayathri.pp4v15 -->
