<?xml version="1.0" encoding="UTF-8"?>
<!-- Generated by org.testng.reporters.JUnitReportReporter -->
<testsuite hostname="vivobook-asuslaptop-x512flc-x512fl" failures="0" tests="5" name="com.gayu.Gayathri.Hidding_annotation" time="81.241" errors="0" timestamp="2024-05-06T14:38:18 IST" skipped="0">
  <testcase classname="com.gayu.Gayathri.Hidding_annotation" name="Login" time="31.005"/>
  <testcase classname="com.gayu.Gayathri.Hidding_annotation" name="table" time="9.107"/>
  <testcase classname="com.gayu.Gayathri.Hidding_annotation" name="Direct_Draw_page" time="8.023"/>
  <testcase classname="com.gayu.Gayathri.Hidding_annotation" name="search" time="6.303"/>
  <testcase classname="com.gayu.Gayathri.Hidding_annotation" name="drawSquareInMiddle" time="26.803"/>
</testsuite> <!-- com.gayu.Gayathri.Hidding_annotation -->
