<?xml version="1.0" encoding="UTF-8"?>
<!-- Generated by org.testng.reporters.JUnitReportReporter -->
<testsuite hostname="vivobook-asuslaptop-x512flc-x512fl" failures="0" tests="3" name="com.gayu.Gayathri.Shortcutkey_Edit" time="37.108" errors="0" timestamp="2024-03-30T12:50:07 IST" skipped="0">
  <testcase classname="com.gayu.Gayathri.Shortcutkey_Edit" name="Login" time="23.978"/>
  <system-out/>
  <testcase classname="com.gayu.Gayathri.Shortcutkey_Edit" name="table" time="9.038"/>
  <system-out/>
  <testcase classname="com.gayu.Gayathri.Shortcutkey_Edit" name="Direct_Draw_page" time="4.092"/>
  <system-out/>
</testsuite> <!-- com.gayu.Gayathri.Shortcutkey_Edit -->
