<?xml version="1.0" encoding="UTF-8"?>
<!-- Generated by org.testng.reporters.JUnitReportReporter -->
<testsuite hostname="vivobook-asuslaptop-x512flc-x512fl" failures="0" tests="4" name="com.gayu.Gayathri.Contributor" time="51.256" errors="0" timestamp="2024-05-15T12:21:25 IST" skipped="0">
  <testcase classname="com.gayu.Gayathri.Contributor" name="Login" time="28.148"/>
  <testcase classname="com.gayu.Gayathri.Contributor" name="table" time="7.906"/>
  <testcase classname="com.gayu.Gayathri.Contributor" name="Direct_Draw_page" time="3.360"/>
  <testcase classname="com.gayu.Gayathri.Contributor" name="select_contributor" time="11.842"/>
</testsuite> <!-- com.gayu.Gayathri.Contributor -->
