<?xml version="1.0" encoding="UTF-8"?>
<!-- Generated by org.testng.reporters.JUnitReportReporter -->
<testsuite hostname="vivobook-asuslaptop-x512flc-x512fl" failures="0" tests="4" name="com.gayu.Gayathri.Contributor" time="58.725" errors="0" timestamp="2024-04-24T15:19:11 IST" skipped="0">
  <testcase classname="com.gayu.Gayathri.Contributor" name="Login" time="33.056"/>
  <testcase classname="com.gayu.Gayathri.Contributor" name="table" time="9.015"/>
  <testcase classname="com.gayu.Gayathri.Contributor" name="Direct_Draw_page" time="3.663"/>
  <testcase classname="com.gayu.Gayathri.Contributor" name="select_contributor" time="12.991"/>
</testsuite> <!-- com.gayu.Gayathri.Contributor -->
