<?xml version="1.0" encoding="UTF-8"?>
<!-- Generated by org.testng.reporters.JUnitReportReporter -->
<testsuite hostname="vivobook-asuslaptop-x512flc-x512fl" failures="0" tests="3" name="com.gayu.Gayathri.ShortcutKey_Homepage" time="41.204" errors="0" timestamp="2024-04-02T11:06:10 IST" skipped="0">
  <testcase classname="com.gayu.Gayathri.ShortcutKey_Homepage" name="Login" time="25.360"/>
  <testcase classname="com.gayu.Gayathri.ShortcutKey_Homepage" name="table" time="8.861"/>
  <testcase classname="com.gayu.Gayathri.ShortcutKey_Homepage" name="Direct_drawpage" time="6.983"/>
</testsuite> <!-- com.gayu.Gayathri.ShortcutKey_Homepage -->
