<?xml version="1.0" encoding="UTF-8"?>
<!-- Generated by org.testng.reporters.JUnitReportReporter -->
<testsuite hostname="vivobook-asuslaptop-x512flc-x512fl" failures="0" tests="5" name="com.gayu.Gayathri.Hidding_annotation" time="275.541" errors="0" timestamp="2024-04-25T10:41:22 IST" skipped="0">
  <testcase classname="com.gayu.Gayathri.Hidding_annotation" name="Login" time="26.017"/>
  <testcase classname="com.gayu.Gayathri.Hidding_annotation" name="table" time="38.101"/>
  <testcase classname="com.gayu.Gayathri.Hidding_annotation" name="Direct_Draw_page" time="57.101"/>
  <testcase classname="com.gayu.Gayathri.Hidding_annotation" name="search" time="100.217"/>
  <testcase classname="com.gayu.Gayathri.Hidding_annotation" name="drawSquareInMiddle" time="54.105"/>
</testsuite> <!-- com.gayu.Gayathri.Hidding_annotation -->
