<?xml version="1.0" encoding="UTF-8"?>
<!-- Generated by org.testng.reporters.JUnitReportReporter -->
<testsuite hostname="vivobook-asuslaptop-x512flc-x512fl" failures="0" tests="6" name="com.gayu.Gayathri.Atlas_shortcutkey_Editing$ShortcutKey_Edits" time="90.391" errors="0" timestamp="2024-04-10T16:12:23 IST" skipped="0">
  <testcase classname="com.gayu.Gayathri.Atlas_shortcutkey_Editing$ShortcutKey_Edits" name="Login" time="27.132"/>
  <testcase classname="com.gayu.Gayathri.Atlas_shortcutkey_Editing$ShortcutKey_Edits" name="table" time="8.207"/>
  <testcase classname="com.gayu.Gayathri.Atlas_shortcutkey_Editing$ShortcutKey_Edits" name="Direct_Draw_page" time="8.904"/>
  <testcase classname="com.gayu.Gayathri.Atlas_shortcutkey_Editing$ShortcutKey_Edits" name="search" time="6.458"/>
  <testcase classname="com.gayu.Gayathri.Atlas_shortcutkey_Editing$ShortcutKey_Edits" name="drawSquareInMiddle" time="20.519"/>
  <testcase classname="com.gayu.Gayathri.Atlas_shortcutkey_Editing$ShortcutKey_Edits" name="Saved" time="19.171"/>
</testsuite> <!-- com.gayu.Gayathri.Atlas_shortcutkey_Editing$ShortcutKey_Edits -->
