<?xml version="1.0" encoding="UTF-8"?>
<!-- Generated by org.testng.reporters.JUnitReportReporter -->
<testsuite hostname="vivobook-asuslaptop-x512flc-x512fl" failures="0" tests="5" name="com.gayu.Gayathri.Atlas_notes" time="60.870" errors="0" timestamp="2024-03-28T09:54:35 IST" skipped="0">
  <testcase classname="com.gayu.Gayathri.Atlas_notes" name="Login" time="24.079"/>
  <system-out/>
  <testcase classname="com.gayu.Gayathri.Atlas_notes" name="table" time="7.544"/>
  <system-out/>
  <testcase classname="com.gayu.Gayathri.Atlas_notes" name="NotesTest" time="9.839"/>
  <system-out/>
  <testcase classname="com.gayu.Gayathri.Atlas_notes" name="ClickNotes" time="6.602"/>
  <system-out/>
  <testcase classname="com.gayu.Gayathri.Atlas_notes" name="CheckNotes" time="12.806"/>
  <system-out/>
</testsuite> <!-- com.gayu.Gayathri.Atlas_notes -->
