<?xml version="1.0" encoding="UTF-8"?>
<!-- Generated by org.testng.reporters.JUnitReportReporter -->
<testsuite hostname="vivobook-asuslaptop-x512flc-x512fl" failures="0" tests="4" name="com.gayu.Gayathri.search_validating" time="41.208" errors="0" timestamp="2024-04-26T10:23:08 IST" skipped="0">
  <testcase classname="com.gayu.Gayathri.search_validating" name="Login" time="26.993"/>
  <testcase classname="com.gayu.Gayathri.search_validating" name="table" time="8.230"/>
  <testcase classname="com.gayu.Gayathri.search_validating" name="Direct_Draw_page" time="5.799"/>
  <testcase classname="com.gayu.Gayathri.search_validating" name="search" time="0.186"/>
</testsuite> <!-- com.gayu.Gayathri.search_validating -->
