<?xml version="1.0" encoding="UTF-8"?>
<!-- Generated by org.testng.reporters.JUnitReportReporter -->
<testsuite hostname="vivobook-asuslaptop-x512flc-x512fl" failures="0" tests="1" name="com.gayu.Gayathri.Testing_sanity" time="12.529" errors="0" timestamp="2024-05-18T11:12:02 IST" skipped="0">
  <testcase classname="com.gayu.Gayathri.Testing_sanity" name="login" time="12.529"/>
</testsuite> <!-- com.gayu.Gayathri.Testing_sanity -->
