<?xml version="1.0" encoding="UTF-8"?>
<!-- Generated by org.testng.reporters.JUnitReportReporter -->
<testsuite hostname="vivobook-asuslaptop-x512flc-x512fl" failures="0" tests="4" name="com.gayu.Gayathri.thumbNail" time="2265.072" errors="0" timestamp="2024-05-15T09:58:33 IST" skipped="0">
  <testcase classname="com.gayu.Gayathri.thumbNail" name="Login" time="27.955"/>
  <testcase classname="com.gayu.Gayathri.thumbNail" name="table" time="7.897"/>
  <testcase classname="com.gayu.Gayathri.thumbNail" name="thumbnailview" time="1114.353"/>
  <testcase classname="com.gayu.Gayathri.thumbNail" name="thumbnailview_BFIWHITE" time="1114.867"/>
</testsuite> <!-- com.gayu.Gayathri.thumbNail -->
