<?xml version="1.0" encoding="UTF-8"?>
<!-- Generated by org.testng.reporters.JUnitReportReporter -->
<testsuite hostname="vivobook-asuslaptop-x512flc-x512fl" failures="0" tests="4" name="com.gayu.Gayathri.search_validating" time="41.825" errors="0" timestamp="2024-04-02T12:36:14 IST" skipped="0">
  <testcase classname="com.gayu.Gayathri.search_validating" name="Login" time="27.546"/>
  <testcase classname="com.gayu.Gayathri.search_validating" name="table" time="8.345"/>
  <testcase classname="com.gayu.Gayathri.search_validating" name="Direct_Draw_page" time="5.697"/>
  <testcase classname="com.gayu.Gayathri.search_validating" name="search" time="0.237"/>
</testsuite> <!-- com.gayu.Gayathri.search_validating -->
