<?xml version="1.0" encoding="UTF-8"?>
<!-- Generated by org.testng.reporters.JUnitReportReporter -->
<testsuite hostname="vivobook-asuslaptop-x512flc-x512fl" failures="0" tests="3" name="com.gayu.Gayathri.Direct_DrawPage" time="44.185" errors="0" timestamp="2024-04-04T10:28:53 IST" skipped="0">
  <testcase classname="com.gayu.Gayathri.Direct_DrawPage" name="Login" time="27.391"/>
  <testcase classname="com.gayu.Gayathri.Direct_DrawPage" name="table" time="9.658"/>
  <testcase classname="com.gayu.Gayathri.Direct_DrawPage" name="Direct_drawpage" time="7.136"/>
</testsuite> <!-- com.gayu.Gayathri.Direct_DrawPage -->
