<?xml version="1.0" encoding="UTF-8"?>
<!-- Generated by org.testng.reporters.JUnitReportReporter -->
<testsuite hostname="vivobook-asuslaptop-x512flc-x512fl" failures="0" tests="2" name="com.gayu.Gayathri.Bug_Report" time="62.636" errors="0" timestamp="2024-05-06T14:50:20 IST" skipped="0">
  <testcase classname="com.gayu.Gayathri.Bug_Report" name="Login" time="28.163"/>
  <testcase classname="com.gayu.Gayathri.Bug_Report" name="table" time="34.473"/>
</testsuite> <!-- com.gayu.Gayathri.Bug_Report -->
