<?xml version="1.0" encoding="UTF-8"?>
<!-- Generated by org.testng.reporters.JUnitReportReporter -->
<testsuite hostname="vivobook-asuslaptop-x512flc-x512fl" failures="0" tests="1" name="com.gayu.Gayathri.pp4v15" time="10.418" errors="0" timestamp="2024-06-06T15:36:46 IST" skipped="0">
  <testcase classname="com.gayu.Gayathri.pp4v15" name="testStorageDetails" time="10.418"/>
</testsuite> <!-- com.gayu.Gayathri.pp4v15 -->
