<?xml version="1.0" encoding="UTF-8"?>
<!-- Generated by org.testng.reporters.JUnitReportReporter -->
<testsuite hostname="vivobook-asuslaptop-x512flc-x512fl" failures="0" tests="3" name="com.gayu.Gayathri.atlascopy" time="101.513" errors="0" timestamp="2024-03-21T12:03:14 IST" skipped="0">
  <testcase classname="com.gayu.Gayathri.atlascopy" name="Login" time="35.224"/>
  <system-out/>
  <testcase classname="com.gayu.Gayathri.atlascopy" name="table" time="23.178"/>
  <system-out/>
  <testcase classname="com.gayu.Gayathri.atlascopy" name="atlas" time="43.111"/>
  <system-out/>
</testsuite> <!-- com.gayu.Gayathri.atlascopy -->
