<?xml version="1.0" encoding="UTF-8"?>
<!-- Generated by org.testng.reporters.JUnitReportReporter -->
<testsuite hostname="vivobook-asuslaptop-x512flc-x512fl" failures="0" tests="6" name="com.gayu.Gayathri.ShortcutKey_TRS$ShortcutKey_add" time="82.373" errors="0" timestamp="2024-04-06T14:45:33 IST" skipped="0">
  <testcase classname="com.gayu.Gayathri.ShortcutKey_TRS$ShortcutKey_add" name="Login" time="29.010"/>
  <testcase classname="com.gayu.Gayathri.ShortcutKey_TRS$ShortcutKey_add" name="table" time="9.043"/>
  <testcase classname="com.gayu.Gayathri.ShortcutKey_TRS$ShortcutKey_add" name="Direct_Draw_page" time="5.086"/>
  <testcase classname="com.gayu.Gayathri.ShortcutKey_TRS$ShortcutKey_add" name="search" time="7.023"/>
  <testcase classname="com.gayu.Gayathri.ShortcutKey_TRS$ShortcutKey_add" name="drawSquareInMiddle" time="10.049"/>
  <testcase classname="com.gayu.Gayathri.ShortcutKey_TRS$ShortcutKey_add" name="testCanvasDrag" time="22.162"/>
</testsuite> <!-- com.gayu.Gayathri.ShortcutKey_TRS$ShortcutKey_add -->
