<?xml version="1.0" encoding="UTF-8"?>
<!-- Generated by org.testng.reporters.JUnitReportReporter -->
<testsuite hostname="vivobook-asuslaptop-x512flc-x512fl" failures="0" tests="8" name="com.gayu.Gayathri.ShortcutKey_add" time="92.067" errors="0" timestamp="2024-04-26T12:31:49 IST" skipped="0">
  <testcase classname="com.gayu.Gayathri.ShortcutKey_add" name="Login" time="31.823"/>
  <testcase classname="com.gayu.Gayathri.ShortcutKey_add" name="table" time="9.043"/>
  <testcase classname="com.gayu.Gayathri.ShortcutKey_add" name="Direct_Draw_page" time="5.053"/>
  <testcase classname="com.gayu.Gayathri.ShortcutKey_add" name="search" time="7.106"/>
  <testcase classname="com.gayu.Gayathri.ShortcutKey_add" name="drawSquareInMiddle" time="15.029"/>
  <testcase classname="com.gayu.Gayathri.ShortcutKey_add" name="selectRegion" time="11.943"/>
  <testcase classname="com.gayu.Gayathri.ShortcutKey_add" name="DeleteRegion" time="7.006"/>
  <testcase classname="com.gayu.Gayathri.ShortcutKey_add" name="Save_Del_region" time="5.064"/>
</testsuite> <!-- com.gayu.Gayathri.ShortcutKey_add -->
