<?xml version="1.0" encoding="UTF-8"?>
<!-- Generated by org.testng.reporters.JUnitReportReporter -->
<testsuite hostname="vivobook-asuslaptop-x512flc-x512fl" failures="0" tests="1" name="com.gayu.Gayathri.PP7V5" time="8.126" errors="0" timestamp="2024-06-06T15:47:37 IST" skipped="0">
  <testcase classname="com.gayu.Gayathri.PP7V5" name="testStorageDetails" time="8.126"/>
</testsuite> <!-- com.gayu.Gayathri.PP7V5 -->
