<?xml version="1.0" encoding="UTF-8"?>
<!-- Generated by org.testng.reporters.JUnitReportReporter -->
<testsuite hostname="vivobook-asuslaptop-x512flc-x512fl" failures="0" tests="3" name="com.gayu.Gayathri.Shortcutkey_Edit" time="38.160" errors="0" timestamp="2024-04-04T10:27:07 IST" skipped="0">
  <testcase classname="com.gayu.Gayathri.Shortcutkey_Edit" name="Login" time="28.023"/>
  <testcase classname="com.gayu.Gayathri.Shortcutkey_Edit" name="table" time="8.237"/>
  <testcase classname="com.gayu.Gayathri.Shortcutkey_Edit" name="Direct_drawpage" time="1.900"/>
</testsuite> <!-- com.gayu.Gayathri.Shortcutkey_Edit -->
