<?xml version="1.0" encoding="UTF-8"?>
<!-- Generated by org.testng.reporters.JUnitReportReporter -->
<testsuite hostname="vivobook-asuslaptop-x512flc-x512fl" failures="0" tests="8" name="com.gayu.Gayathri.ShortcutKey_add" time="87.990" errors="0" timestamp="2024-04-03T12:30:17 IST" skipped="0">
  <testcase classname="com.gayu.Gayathri.ShortcutKey_add" name="Login" time="27.240"/>
  <testcase classname="com.gayu.Gayathri.ShortcutKey_add" name="table" time="8.816"/>
  <testcase classname="com.gayu.Gayathri.ShortcutKey_add" name="Direct_Draw_page" time="5.842"/>
  <testcase classname="com.gayu.Gayathri.ShortcutKey_add" name="search" time="7.157"/>
  <testcase classname="com.gayu.Gayathri.ShortcutKey_add" name="drawSquareInMiddle" time="14.895"/>
  <testcase classname="com.gayu.Gayathri.ShortcutKey_add" name="selectRegion" time="11.322"/>
  <testcase classname="com.gayu.Gayathri.ShortcutKey_add" name="DeleteRegion" time="6.921"/>
  <testcase classname="com.gayu.Gayathri.ShortcutKey_add" name="Save_Del_region" time="5.797"/>
</testsuite> <!-- com.gayu.Gayathri.ShortcutKey_add -->
