<?xml version="1.0" encoding="UTF-8"?>
<!-- Generated by org.testng.reporters.JUnitReportReporter -->
<testsuite hostname="vivobook-asuslaptop-x512flc-x512fl" failures="0" tests="1" name="com.gayu.Gayathri.pp3v5" time="2.321" errors="0" timestamp="2024-06-05T15:18:37 IST" skipped="0">
  <testcase classname="com.gayu.Gayathri.pp3v5" name="testStorageDetails" time="2.321"/>
</testsuite> <!-- com.gayu.Gayathri.pp3v5 -->
