<?xml version="1.0" encoding="UTF-8"?>
<!-- Generated by org.testng.reporters.JUnitReportReporter -->
<testsuite hostname="vivobook-asuslaptop-x512flc-x512fl" failures="0" tests="3" name="com.gayu.Gayathri.ShortcutKey_Homepage" time="41.218" errors="0" timestamp="2024-04-04T10:23:27 IST" skipped="0">
  <testcase classname="com.gayu.Gayathri.ShortcutKey_Homepage" name="Login" time="26.013"/>
  <testcase classname="com.gayu.Gayathri.ShortcutKey_Homepage" name="table" time="8.281"/>
  <testcase classname="com.gayu.Gayathri.ShortcutKey_Homepage" name="Direct_drawpage" time="6.924"/>
</testsuite> <!-- com.gayu.Gayathri.ShortcutKey_Homepage -->
