<?xml version="1.0" encoding="UTF-8"?>
<!-- Generated by org.testng.reporters.JUnitReportReporter -->
<testsuite hostname="vivobook-asuslaptop-x512flc-x512fl" failures="0" tests="1" name="com.gayu.Gayathri.PP2V5" time="15.371" errors="0" timestamp="2024-06-25T12:59:39 IST" skipped="0">
  <testcase classname="com.gayu.Gayathri.PP2V5" name="testStorageDetails" time="15.371"/>
</testsuite> <!-- com.gayu.Gayathri.PP2V5 -->
