<?xml version="1.0" encoding="UTF-8"?>
<!-- Generated by org.testng.reporters.JUnitReportReporter -->
<testsuite hostname="vivobook-asuslaptop-x512flc-x512fl" failures="0" tests="3" name="com.gayu.Gayathri.ShortcutKey_add" time="291.573" errors="0" timestamp="2024-03-28T15:08:23 IST" skipped="0">
  <testcase classname="com.gayu.Gayathri.ShortcutKey_add" name="Login" time="26.237"/>
  <system-out/>
  <testcase classname="com.gayu.Gayathri.ShortcutKey_add" name="table" time="7.960"/>
  <system-out/>
  <testcase classname="com.gayu.Gayathri.ShortcutKey_add" name="NotesTest" time="257.376"/>
  <system-out/>
</testsuite> <!-- com.gayu.Gayathri.ShortcutKey_add -->
