<?xml version="1.0" encoding="UTF-8"?>
<!-- Generated by org.testng.reporters.JUnitReportReporter -->
<testsuite hostname="vivobook-asuslaptop-x512flc-x512fl" failures="0" tests="2" name="com.gayu.Gayathri.MRIPageclicks" time="106.690" errors="0" timestamp="2024-11-17T17:02:39 IST" skipped="0">
  <testcase classname="com.gayu.Gayathri.MRIPageclicks" name="testSanity" time="5.179"/>
  <testcase classname="com.gayu.Gayathri.MRIPageclicks" name="Videovalidate" time="101.511"/>
</testsuite> <!-- com.gayu.Gayathri.MRIPageclicks -->
