<?xml version="1.0" encoding="UTF-8"?>
<!-- Generated by org.testng.reporters.JUnitReportReporter -->
<testsuite hostname="vivobook-asuslaptop-x512flc-x512fl" failures="0" tests="5" name="com.gayu.Gayathri.Hidding_annotation" time="101.446" errors="0" timestamp="2024-04-17T18:09:29 IST" skipped="0">
  <testcase classname="com.gayu.Gayathri.Hidding_annotation" name="Login" time="46.236"/>
  <testcase classname="com.gayu.Gayathri.Hidding_annotation" name="table" time="10.036"/>
  <testcase classname="com.gayu.Gayathri.Hidding_annotation" name="Direct_Draw_page" time="9.832"/>
  <testcase classname="com.gayu.Gayathri.Hidding_annotation" name="search" time="7.312"/>
  <testcase classname="com.gayu.Gayathri.Hidding_annotation" name="drawSquareInMiddle" time="28.030"/>
</testsuite> <!-- com.gayu.Gayathri.Hidding_annotation -->
