<?xml version="1.0" encoding="UTF-8"?>
<!-- Generated by org.testng.reporters.JUnitReportReporter -->
<testsuite hostname="vivobook-asuslaptop-x512flc-x512fl" failures="0" tests="4" name="com.gayu.Gayathri.Contributor" time="101.718" errors="0" timestamp="2024-06-04T12:02:46 IST" skipped="0">
  <testcase classname="com.gayu.Gayathri.Contributor" name="Login" time="25.977"/>
  <testcase classname="com.gayu.Gayathri.Contributor" name="table" time="8.816"/>
  <testcase classname="com.gayu.Gayathri.Contributor" name="Direct_Draw_page" time="3.982"/>
  <testcase classname="com.gayu.Gayathri.Contributor" name="select_contributor" time="62.943"/>
</testsuite> <!-- com.gayu.Gayathri.Contributor -->
