<?xml version="1.0" encoding="UTF-8"?>
<!-- Generated by org.testng.reporters.JUnitReportReporter -->
<testsuite hostname="vivobook-asuslaptop-x512flc-x512fl" failures="0" tests="1" name="com.gayu.Gayathri.PP2V15" time="3.209" errors="0" timestamp="2024-06-25T13:14:42 IST" skipped="0">
  <testcase classname="com.gayu.Gayathri.PP2V15" name="testStorageDetails" time="3.209"/>
</testsuite> <!-- com.gayu.Gayathri.PP2V15 -->
