<?xml version="1.0" encoding="UTF-8"?>
<!-- Generated by org.testng.reporters.JUnitReportReporter -->
<testsuite hostname="vivobook-asuslaptop-x512flc-x512fl" failures="0" tests="4" name="com.gayu.Gayathri.search_validating" time="40.310" errors="0" timestamp="2024-04-02T12:59:42 IST" skipped="0">
  <testcase classname="com.gayu.Gayathri.search_validating" name="Login" time="26.014"/>
  <testcase classname="com.gayu.Gayathri.search_validating" name="table" time="8.255"/>
  <testcase classname="com.gayu.Gayathri.search_validating" name="Direct_Draw_page" time="5.605"/>
  <testcase classname="com.gayu.Gayathri.search_validating" name="search" time="0.436"/>
</testsuite> <!-- com.gayu.Gayathri.search_validating -->
