<?xml version="1.0" encoding="UTF-8"?>
<!-- Generated by org.testng.reporters.JUnitReportReporter -->
<testsuite hostname="vivobook-asuslaptop-x512flc-x512fl" failures="0" tests="3" name="com.gayu.Gayathri.Add_shortcutkey" time="68.082" errors="0" timestamp="2024-04-02T10:20:20 IST" skipped="0">
  <testcase classname="com.gayu.Gayathri.Add_shortcutkey" name="Login" time="38.794"/>
  <testcase classname="com.gayu.Gayathri.Add_shortcutkey" name="table" time="8.527"/>
  <testcase classname="com.gayu.Gayathri.Add_shortcutkey" name="Direct_Draw_page" time="20.761"/>
</testsuite> <!-- com.gayu.Gayathri.Add_shortcutkey -->
