<?xml version="1.0" encoding="UTF-8"?>
<!-- Generated by org.testng.reporters.JUnitReportReporter -->
<testsuite hostname="vivobook-asuslaptop-x512flc-x512fl" failures="0" tests="1" name="com.gayu.Gayathri.Annotation_TileDeatils" time="15.908" errors="0" timestamp="2024-06-26T18:44:00 IST" skipped="0">
  <testcase classname="com.gayu.Gayathri.Annotation_TileDeatils" name="testSSHConnection" time="15.908"/>
</testsuite> <!-- com.gayu.Gayathri.Annotation_TileDeatils -->
