<?xml version="1.0" encoding="UTF-8"?>
<!-- Generated by org.testng.reporters.JUnitReportReporter -->
<testsuite hostname="vivobook-asuslaptop-x512flc-x512fl" failures="0" tests="3" name="com.gayu.Gayathri.Shortcutkey_Edit" time="38.119" errors="0" timestamp="2024-03-30T10:06:28 IST" skipped="0">
  <testcase classname="com.gayu.Gayathri.Shortcutkey_Edit" name="Login" time="26.426"/>
  <system-out/>
  <testcase classname="com.gayu.Gayathri.Shortcutkey_Edit" name="table" time="8.603"/>
  <system-out/>
  <testcase classname="com.gayu.Gayathri.Shortcutkey_Edit" name="Direct_EditPage" time="3.090"/>
  <system-out/>
</testsuite> <!-- com.gayu.Gayathri.Shortcutkey_Edit -->
