<?xml version="1.0" encoding="UTF-8"?>
<!-- Generated by org.testng.reporters.JUnitReportReporter -->
<testsuite hostname="vivobook-asuslaptop-x512flc-x512fl" failures="0" tests="3" name="com.gayu.Gayathri.ShortcutKey_Homepage" time="42.125" errors="0" timestamp="2024-03-30T10:18:24 IST" skipped="0">
  <testcase classname="com.gayu.Gayathri.ShortcutKey_Homepage" name="Login" time="25.007"/>
  <system-out/>
  <testcase classname="com.gayu.Gayathri.ShortcutKey_Homepage" name="table" time="9.040"/>
  <system-out/>
  <testcase classname="com.gayu.Gayathri.ShortcutKey_Homepage" name="DirectHomepage" time="8.078"/>
  <system-out/>
</testsuite> <!-- com.gayu.Gayathri.ShortcutKey_Homepage -->
