<?xml version="1.0" encoding="UTF-8"?>
<!-- Generated by org.testng.reporters.JUnitReportReporter -->
<testsuite hostname="vivobook-asuslaptop-x512flc-x512fl" failures="0" tests="3" name="com.gayu.Gayathri.AutoSave" time="221.490" errors="0" timestamp="2024-06-28T16:29:54 IST" skipped="0">
  <testcase classname="com.gayu.Gayathri.AutoSave" name="Login" time="28.021"/>
  <testcase classname="com.gayu.Gayathri.AutoSave" name="table" time="8.190"/>
  <testcase classname="com.gayu.Gayathri.AutoSave" name="contributor" time="185.279"/>
</testsuite> <!-- com.gayu.Gayathri.AutoSave -->
