<?xml version="1.0" encoding="UTF-8"?>
<!-- Generated by org.testng.reporters.JUnitReportReporter -->
<testsuite hostname="vivobook-asuslaptop-x512flc-x512fl" failures="0" tests="1" name="com.gayu.Gayathri.PP7v15" time="12.194" errors="0" timestamp="2024-06-06T15:56:14 IST" skipped="0">
  <testcase classname="com.gayu.Gayathri.PP7v15" name="testStorageDetails" time="12.194"/>
</testsuite> <!-- com.gayu.Gayathri.PP7v15 -->
