<?xml version="1.0" encoding="UTF-8"?>
<!-- Generated by org.testng.reporters.JUnitReportReporter -->
<testsuite hostname="vivobook-asuslaptop-x512flc-x512fl" failures="0" tests="1" name="com.gayu.Gayathri.pp1_Machine" time="8.964" errors="0" timestamp="2024-06-06T12:27:39 IST" skipped="0">
  <testcase classname="com.gayu.Gayathri.pp1_Machine" name="testStorageDetails" time="8.964"/>
</testsuite> <!-- com.gayu.Gayathri.pp1_Machine -->
