<?xml version="1.0" encoding="UTF-8"?>
<!-- Generated by org.testng.reporters.JUnitReportReporter -->
<testsuite hostname="vivobook-asuslaptop-x512flc-x512fl" failures="0" tests="3" name="com.gayu.Gayathri.Shortcut_keys_EditMenu" time="34.559" errors="0" timestamp="2024-03-30T15:18:18 IST" skipped="0">
  <testcase classname="com.gayu.Gayathri.Shortcut_keys_EditMenu" name="Login" time="23.558"/>
  <testcase classname="com.gayu.Gayathri.Shortcut_keys_EditMenu" name="table" time="7.564"/>
  <testcase classname="com.gayu.Gayathri.Shortcut_keys_EditMenu" name="Direct_drawpage" time="3.437"/>
</testsuite> <!-- com.gayu.Gayathri.Shortcut_keys_EditMenu -->
