<?xml version="1.0" encoding="UTF-8"?>
<!-- Generated by org.testng.reporters.JUnitReportReporter -->
<testsuite hostname="vivobook-asuslaptop-x512flc-x512fl" failures="0" tests="3" name="com.gayu.Gayathri.Shortcutkey_Edit" time="40.273" errors="0" timestamp="2024-03-28T17:15:25 IST" skipped="0">
  <testcase classname="com.gayu.Gayathri.Shortcutkey_Edit" name="Login" time="28.368"/>
  <system-out/>
  <testcase classname="com.gayu.Gayathri.Shortcutkey_Edit" name="table" time="8.752"/>
  <system-out/>
  <testcase classname="com.gayu.Gayathri.Shortcutkey_Edit" name="CheckNotes" time="3.153"/>
  <system-out/>
</testsuite> <!-- com.gayu.Gayathri.Shortcutkey_Edit -->
