<?xml version="1.0" encoding="UTF-8"?>
<!-- Generated by org.testng.reporters.JUnitReportReporter -->
<testsuite hostname="vivobook-asuslaptop-x512flc-x512fl" failures="0" tests="1" name="com.gayu.Gayathri.Region_Count" time="15.035" errors="0" timestamp="2024-11-16T11:24:49 IST" skipped="0">
  <testcase classname="com.gayu.Gayathri.Region_Count" name="testSSHConnection" time="15.035"/>
</testsuite> <!-- com.gayu.Gayathri.Region_Count -->
