<?xml version="1.0" encoding="UTF-8"?>
<!-- Generated by org.testng.reporters.JUnitReportReporter -->
<testsuite hostname="vivobook-asuslaptop-x512flc-x512fl" failures="0" tests="1" name="com.gayu.Gayathri.pp4v5" time="9.969" errors="0" timestamp="2024-06-06T15:30:30 IST" skipped="0">
  <testcase classname="com.gayu.Gayathri.pp4v5" name="testStorageDetails" time="9.969"/>
</testsuite> <!-- com.gayu.Gayathri.pp4v5 -->
